<?xml version="1.0" encoding="UTF-8"?>
<testsuite name="in.reqres.reqresinfo.UsersCRUDTest" time="6.221" tests="14" errors="0" skipped="0" failures="2">
  <properties>
[...]
</properties>
  <testcase name="test001" classname="in.reqres.reqresinfo.UsersCRUDTest" time="3.662"/>
  <testcase name="test002" classname="in.reqres.reqresinfo.UsersCRUDTest" time="0.252">
    <failure message="1 expectation failed.&#10;Expected status code &lt;200&gt; but was &lt;404&gt;.&#10;" type="java.lang.AssertionError"><![CDATA[java.lang.AssertionError: 1 expectation failed.
Expected status code <200> but was <404>.

	at io.restassured.internal.ResponseSpecificationImpl.validateResponseIfRequired(ResponseSpecificationImpl.groovy:636)
	at io.restassured.internal.ResponseSpecificationImpl.statusCode(ResponseSpecificationImpl.groovy:122)
	at io.restassured.internal.ResponseSpecificationImpl.statusCode(ResponseSpecificationImpl.groovy:130)
	at io.restassured.internal.ValidatableResponseOptionsImpl.statusCode(ValidatableResponseOptionsImpl.java:117)
	at in.reqres.reqresinfo.UsersSteps.getProductInfoByName(UsersSteps.java:45)
	at in.reqres.reqresinfo.UsersCRUDTest.test002(UsersCRUDTest.java:42)
]]></failure>
    <system-out><![CDATA[Request method:	GET
Request URI:	https://reqres.in/api/users/220
Proxy:			<none>
Request params:	<none>
Query params:	<none>
Form params:	<none>
Path params:	userID=220
Multiparts:		<none>
Headers:		Accept=*/*
Cookies:		<none>
Body:			<none>
]]></system-out>
    <system-err><![CDATA[4301 [main] INFO net.serenitybdd.core.Serenity - 
        __    _____ _____ ____ _____   ____   _    ____  ____  _____ ____  
  _     \ \  |_   _| ____/ ___|_   _| |  _ \ / \  / ___|/ ___|| ____|  _ \ 
 (_)_____| |   | | |  _| \___ \ | |   | |_) / _ \ \___ \\___ \|  _| | | | |
  _|_____| |   | | | |___ ___) || |   |  __/ ___ \ ___) |___) | |___| |_| |
 (_)     | |   |_| |_____|____/ |_|   |_| /_/   \_\____/|____/|_____|____/ 
        /_/                                                                

TEST PASSED: This will create a user
----------------------------------------------------------------------------
4301 [main] INFO net.serenitybdd.core.Serenity - 
 _____ _____ ____ _____   ____ _____  _    ____ _____ _____ ____  
|_   _| ____/ ___|_   _| / ___|_   _|/ \  |  _ \_   _| ____|  _ \ 
  | | |  _| \___ \ | |   \___ \ | | / _ \ | |_) || | |  _| | | | |
  | | | |___ ___) || |    ___) || |/ ___ \|  _ < | | | |___| |_| |
  |_| |_____|____/ |_|   |____/ |_/_/   \_\_| \_\|_| |_____|____/ 
                                                                  

TEST STARTED: test002
-------------------------------------------------------------------
4301 [main] INFO net.serenitybdd.core.Serenity - TEST NUMBER: 2
]]></system-err>
  </testcase>
  <testcase name="test003" classname="in.reqres.reqresinfo.UsersCRUDTest" time="0.226">
    <failure message="1 expectation failed.&#10;Expected status code &lt;200&gt; but was &lt;400&gt;.&#10;" type="java.lang.AssertionError"><![CDATA[java.lang.AssertionError: 1 expectation failed.
Expected status code <200> but was <400>.

	at io.restassured.internal.ResponseSpecificationImpl.validateResponseIfRequired(ResponseSpecificationImpl.groovy:636)
	at io.restassured.internal.ResponseSpecificationImpl.statusCode(ResponseSpecificationImpl.groovy:122)
	at io.restassured.internal.ResponseSpecificationImpl.statusCode(ResponseSpecificationImpl.groovy:130)
	at io.restassured.internal.ValidatableResponseOptionsImpl.statusCode(ValidatableResponseOptionsImpl.java:117)
	at in.reqres.reqresinfo.UsersSteps.loginUser(UsersSteps.java:63)
	at in.reqres.reqresinfo.UsersCRUDTest.test003(UsersCRUDTest.java:50)
]]></failure>
    <system-out><![CDATA[Request method:	POST
Request URI:	https://reqres.in/api/login
Proxy:			<none>
Request params:	<none>
Query params:	<none>
Form params:	<none>
Path params:	<none>
Multiparts:		<none>
Headers:		Accept=*/*
				Content-Type=application/json; charset=UTF-8
Cookies:		<none>
Body:
{
    "name": null,
    "job": null,
    "email": "Priya@yahoo.com",
    "password": "Happy123"
}
]]></system-out>
    <system-err><![CDATA[4553 [main] ERROR net.serenitybdd.core.Serenity - 
           __  _____ _____ ____ _____   _____ _    ___ _     _____ ____  
  _       / / |_   _| ____/ ___|_   _| |  ___/ \  |_ _| |   | ____|  _ \ 
 (_)_____| |    | | |  _| \___ \ | |   | |_ / _ \  | || |   |  _| | | | |
  _|_____| |    | | | |___ ___) || |   |  _/ ___ \ | || |___| |___| |_| |
 (_)     | |    |_| |_____|____/ |_|   |_|/_/   \_\___|_____|_____|____/ 
          \_\                                                            

TEST FAILED: Verify is User is added or not
--------------------------------------------------------------------------
4622 [main] ERROR net.serenitybdd.core.Serenity - TEST FAILED AT STEP Getting the User information with ID: 220
4622 [main] ERROR net.serenitybdd.core.Serenity - 1 expectation failed.Expected status code <200> but was <404>.
4638 [main] INFO net.serenitybdd.core.Serenity - 
 _____ _____ ____ _____   ____ _____  _    ____ _____ _____ ____  
|_   _| ____/ ___|_   _| / ___|_   _|/ \  |  _ \_   _| ____|  _ \ 
  | | |  _| \___ \ | |   \___ \ | | / _ \ | |_) || | |  _| | | | |
  | | | |___ ___) || |    ___) || |/ ___ \|  _ < | | | |___| |_| |
  |_| |_____|____/ |_|   |____/ |_/_/   \_\_| \_\|_| |_____|____/ 
                                                                  

TEST STARTED: test003
-------------------------------------------------------------------
4638 [main] INFO net.serenitybdd.core.Serenity - TEST NUMBER: 3
]]></system-err>
  </testcase>
  <testcase name="test004" classname="in.reqres.reqresinfo.UsersCRUDTest" time="0.211"/>
  <testcase name="test005" classname="in.reqres.reqresinfo.UsersCRUDTest" time="0.188"/>
  <testcase name="test006" classname="in.reqres.reqresinfo.UsersCRUDTest" time="0.197"/>
  <testcase name="test007" classname="in.reqres.reqresinfo.UsersCRUDTest" time="0.22"/>
  <testcase name="test008" classname="in.reqres.reqresinfo.UsersCRUDTest" time="0.172"/>
  <testcase name="test009" classname="in.reqres.reqresinfo.UsersCRUDTest" time="0.234"/>
  <testcase name="test010" classname="in.reqres.reqresinfo.UsersCRUDTest" time="0.186"/>
  <testcase name="test011" classname="in.reqres.reqresinfo.UsersCRUDTest" time="0.168"/>
  <testcase name="test012" classname="in.reqres.reqresinfo.UsersCRUDTest" time="0.16"/>
  <testcase name="test013" classname="in.reqres.reqresinfo.UsersCRUDTest" time="0.172"/>
  <testcase name="test014" classname="in.reqres.reqresinfo.UsersCRUDTest" time="0.173"/>
</testsuite>